

Started GET "/" for 127.0.0.1 at 2014-05-26 23:17:04 -0700
Processing by Rails::WelcomeController#index as HTML
  Rendered /Users/edan/.rvm/gems/ruby-2.0.0-p451@railstutorial_rails_4_0/gems/railties-4.0.3/lib/rails/templates/rails/welcome/index.html.erb (1.8ms)
Completed 200 OK in 18ms (Views: 9.4ms | ActiveRecord: 0.0ms)


Started GET "/" for 127.0.0.1 at 2014-05-26 23:21:00 -0700
Processing by Rails::WelcomeController#index as HTML
  Rendered /Users/edan/.rvm/gems/ruby-2.0.0-p451@railstutorial_rails_4_0/gems/railties-4.0.3/lib/rails/templates/rails/welcome/index.html.erb (0.1ms)
Completed 200 OK in 2ms (Views: 1.9ms | ActiveRecord: 0.0ms)


Started GET "/" for 127.0.0.1 at 2014-05-26 23:21:01 -0700
Processing by Rails::WelcomeController#index as HTML
  Rendered /Users/edan/.rvm/gems/ruby-2.0.0-p451@railstutorial_rails_4_0/gems/railties-4.0.3/lib/rails/templates/rails/welcome/index.html.erb (0.0ms)
Completed 200 OK in 2ms (Views: 1.6ms | ActiveRecord: 0.0ms)


Started GET "/dahsboard" for 127.0.0.1 at 2014-05-26 23:26:06 -0700

ActionController::RoutingError (No route matches [GET] "/dahsboard"):
  actionpack (4.0.3) lib/action_dispatch/middleware/debug_exceptions.rb:21:in `call'
  actionpack (4.0.3) lib/action_dispatch/middleware/show_exceptions.rb:30:in `call'
  railties (4.0.3) lib/rails/rack/logger.rb:38:in `call_app'
  railties (4.0.3) lib/rails/rack/logger.rb:20:in `block in call'
  activesupport (4.0.3) lib/active_support/tagged_logging.rb:67:in `block in tagged'
  activesupport (4.0.3) lib/active_support/tagged_logging.rb:25:in `tagged'
  activesupport (4.0.3) lib/active_support/tagged_logging.rb:67:in `tagged'
  railties (4.0.3) lib/rails/rack/logger.rb:20:in `call'
  actionpack (4.0.3) lib/action_dispatch/middleware/request_id.rb:21:in `call'
  rack (1.5.2) lib/rack/methodoverride.rb:21:in `call'
  rack (1.5.2) lib/rack/runtime.rb:17:in `call'
  activesupport (4.0.3) lib/active_support/cache/strategy/local_cache.rb:83:in `call'
  rack (1.5.2) lib/rack/lock.rb:17:in `call'
  actionpack (4.0.3) lib/action_dispatch/middleware/static.rb:64:in `call'
  rack (1.5.2) lib/rack/sendfile.rb:112:in `call'
  railties (4.0.3) lib/rails/engine.rb:511:in `call'
  railties (4.0.3) lib/rails/application.rb:97:in `call'
  rack (1.5.2) lib/rack/lock.rb:17:in `call'
  rack (1.5.2) lib/rack/content_length.rb:14:in `call'
  rack (1.5.2) lib/rack/handler/webrick.rb:60:in `service'
  /Users/edan/.rvm/rubies/ruby-2.0.0-p451/lib/ruby/2.0.0/webrick/httpserver.rb:138:in `service'
  /Users/edan/.rvm/rubies/ruby-2.0.0-p451/lib/ruby/2.0.0/webrick/httpserver.rb:94:in `run'
  /Users/edan/.rvm/rubies/ruby-2.0.0-p451/lib/ruby/2.0.0/webrick/server.rb:295:in `block in start_thread'


  Rendered /Users/edan/.rvm/gems/ruby-2.0.0-p451@railstutorial_rails_4_0/gems/actionpack-4.0.3/lib/action_dispatch/middleware/templates/rescues/_trace.erb (1.0ms)
  Rendered /Users/edan/.rvm/gems/ruby-2.0.0-p451@railstutorial_rails_4_0/gems/actionpack-4.0.3/lib/action_dispatch/middleware/templates/routes/_route.html.erb (0.7ms)
  Rendered /Users/edan/.rvm/gems/ruby-2.0.0-p451@railstutorial_rails_4_0/gems/actionpack-4.0.3/lib/action_dispatch/middleware/templates/routes/_table.html.erb (5.0ms)
  Rendered /Users/edan/.rvm/gems/ruby-2.0.0-p451@railstutorial_rails_4_0/gems/actionpack-4.0.3/lib/action_dispatch/middleware/templates/rescues/routing_error.erb within rescues/layout (23.7ms)


Started GET "/dashboard" for 127.0.0.1 at 2014-05-26 23:26:13 -0700

ActionController::RoutingError (No route matches [GET] "/dashboard"):
  actionpack (4.0.3) lib/action_dispatch/middleware/debug_exceptions.rb:21:in `call'
  actionpack (4.0.3) lib/action_dispatch/middleware/show_exceptions.rb:30:in `call'
  railties (4.0.3) lib/rails/rack/logger.rb:38:in `call_app'
  railties (4.0.3) lib/rails/rack/logger.rb:20:in `block in call'
  activesupport (4.0.3) lib/active_support/tagged_logging.rb:67:in `block in tagged'
  activesupport (4.0.3) lib/active_support/tagged_logging.rb:25:in `tagged'
  activesupport (4.0.3) lib/active_support/tagged_logging.rb:67:in `tagged'
  railties (4.0.3) lib/rails/rack/logger.rb:20:in `call'
  actionpack (4.0.3) lib/action_dispatch/middleware/request_id.rb:21:in `call'
  rack (1.5.2) lib/rack/methodoverride.rb:21:in `call'
  rack (1.5.2) lib/rack/runtime.rb:17:in `call'
  activesupport (4.0.3) lib/active_support/cache/strategy/local_cache.rb:83:in `call'
  rack (1.5.2) lib/rack/lock.rb:17:in `call'
  actionpack (4.0.3) lib/action_dispatch/middleware/static.rb:64:in `call'
  rack (1.5.2) lib/rack/sendfile.rb:112:in `call'
  railties (4.0.3) lib/rails/engine.rb:511:in `call'
  railties (4.0.3) lib/rails/application.rb:97:in `call'
  rack (1.5.2) lib/rack/lock.rb:17:in `call'
  rack (1.5.2) lib/rack/content_length.rb:14:in `call'
  rack (1.5.2) lib/rack/handler/webrick.rb:60:in `service'
  /Users/edan/.rvm/rubies/ruby-2.0.0-p451/lib/ruby/2.0.0/webrick/httpserver.rb:138:in `service'
  /Users/edan/.rvm/rubies/ruby-2.0.0-p451/lib/ruby/2.0.0/webrick/httpserver.rb:94:in `run'
  /Users/edan/.rvm/rubies/ruby-2.0.0-p451/lib/ruby/2.0.0/webrick/server.rb:295:in `block in start_thread'


  Rendered /Users/edan/.rvm/gems/ruby-2.0.0-p451@railstutorial_rails_4_0/gems/actionpack-4.0.3/lib/action_dispatch/middleware/templates/rescues/_trace.erb (0.9ms)
  Rendered /Users/edan/.rvm/gems/ruby-2.0.0-p451@railstutorial_rails_4_0/gems/actionpack-4.0.3/lib/action_dispatch/middleware/templates/routes/_route.html.erb (0.5ms)
  Rendered /Users/edan/.rvm/gems/ruby-2.0.0-p451@railstutorial_rails_4_0/gems/actionpack-4.0.3/lib/action_dispatch/middleware/templates/routes/_table.html.erb (0.8ms)
  Rendered /Users/edan/.rvm/gems/ruby-2.0.0-p451@railstutorial_rails_4_0/gems/actionpack-4.0.3/lib/action_dispatch/middleware/templates/rescues/routing_error.erb within rescues/layout (13.0ms)


Started GET "/" for 127.0.0.1 at 2014-05-27 00:19:06 -0700

ActionController::RoutingError (uninitialized constant WedashboardController):
  activesupport (4.0.3) lib/active_support/inflector/methods.rb:226:in `const_get'
  activesupport (4.0.3) lib/active_support/inflector/methods.rb:226:in `block in constantize'
  activesupport (4.0.3) lib/active_support/inflector/methods.rb:224:in `each'
  activesupport (4.0.3) lib/active_support/inflector/methods.rb:224:in `inject'
  activesupport (4.0.3) lib/active_support/inflector/methods.rb:224:in `constantize'
  actionpack (4.0.3) lib/action_dispatch/routing/route_set.rb:76:in `controller_reference'
  actionpack (4.0.3) lib/action_dispatch/routing/route_set.rb:66:in `controller'
  actionpack (4.0.3) lib/action_dispatch/routing/route_set.rb:44:in `call'
  actionpack (4.0.3) lib/action_dispatch/journey/router.rb:71:in `block in call'
  actionpack (4.0.3) lib/action_dispatch/journey/router.rb:59:in `each'
  actionpack (4.0.3) lib/action_dispatch/journey/router.rb:59:in `call'
  actionpack (4.0.3) lib/action_dispatch/routing/route_set.rb:680:in `call'
  rack (1.5.2) lib/rack/etag.rb:23:in `call'
  rack (1.5.2) lib/rack/conditionalget.rb:25:in `call'
  rack (1.5.2) lib/rack/head.rb:11:in `call'
  actionpack (4.0.3) lib/action_dispatch/middleware/params_parser.rb:27:in `call'
  actionpack (4.0.3) lib/action_dispatch/middleware/flash.rb:241:in `call'
  rack (1.5.2) lib/rack/session/abstract/id.rb:225:in `context'
  rack (1.5.2) lib/rack/session/abstract/id.rb:220:in `call'
  actionpack (4.0.3) lib/action_dispatch/middleware/cookies.rb:486:in `call'
  activerecord (4.0.3) lib/active_record/query_cache.rb:36:in `call'
  activerecord (4.0.3) lib/active_record/connection_adapters/abstract/connection_pool.rb:626:in `call'
  activerecord (4.0.3) lib/active_record/migration.rb:369:in `call'
  actionpack (4.0.3) lib/action_dispatch/middleware/callbacks.rb:29:in `block in call'
  activesupport (4.0.3) lib/active_support/callbacks.rb:373:in `_run__188697446469809346__call__callbacks'
  activesupport (4.0.3) lib/active_support/callbacks.rb:80:in `run_callbacks'
  actionpack (4.0.3) lib/action_dispatch/middleware/callbacks.rb:27:in `call'
  actionpack (4.0.3) lib/action_dispatch/middleware/reloader.rb:64:in `call'
  actionpack (4.0.3) lib/action_dispatch/middleware/remote_ip.rb:76:in `call'
  actionpack (4.0.3) lib/action_dispatch/middleware/debug_exceptions.rb:17:in `call'
  actionpack (4.0.3) lib/action_dispatch/middleware/show_exceptions.rb:30:in `call'
  railties (4.0.3) lib/rails/rack/logger.rb:38:in `call_app'
  railties (4.0.3) lib/rails/rack/logger.rb:20:in `block in call'
  activesupport (4.0.3) lib/active_support/tagged_logging.rb:67:in `block in tagged'
  activesupport (4.0.3) lib/active_support/tagged_logging.rb:25:in `tagged'
  activesupport (4.0.3) lib/active_support/tagged_logging.rb:67:in `tagged'
  railties (4.0.3) lib/rails/rack/logger.rb:20:in `call'
  actionpack (4.0.3) lib/action_dispatch/middleware/request_id.rb:21:in `call'
  rack (1.5.2) lib/rack/methodoverride.rb:21:in `call'
  rack (1.5.2) lib/rack/runtime.rb:17:in `call'
  activesupport (4.0.3) lib/active_support/cache/strategy/local_cache.rb:83:in `call'
  rack (1.5.2) lib/rack/lock.rb:17:in `call'
  actionpack (4.0.3) lib/action_dispatch/middleware/static.rb:64:in `call'
  rack (1.5.2) lib/rack/sendfile.rb:112:in `call'
  railties (4.0.3) lib/rails/engine.rb:511:in `call'
  railties (4.0.3) lib/rails/application.rb:97:in `call'
  rack (1.5.2) lib/rack/lock.rb:17:in `call'
  rack (1.5.2) lib/rack/content_length.rb:14:in `call'
  rack (1.5.2) lib/rack/handler/webrick.rb:60:in `service'
  /Users/edan/.rvm/rubies/ruby-2.0.0-p451/lib/ruby/2.0.0/webrick/httpserver.rb:138:in `service'
  /Users/edan/.rvm/rubies/ruby-2.0.0-p451/lib/ruby/2.0.0/webrick/httpserver.rb:94:in `run'
  /Users/edan/.rvm/rubies/ruby-2.0.0-p451/lib/ruby/2.0.0/webrick/server.rb:295:in `block in start_thread'


  Rendered /Users/edan/.rvm/gems/ruby-2.0.0-p451@railstutorial_rails_4_0/gems/actionpack-4.0.3/lib/action_dispatch/middleware/templates/rescues/_trace.erb (1.1ms)
  Rendered /Users/edan/.rvm/gems/ruby-2.0.0-p451@railstutorial_rails_4_0/gems/actionpack-4.0.3/lib/action_dispatch/middleware/templates/routes/_route.html.erb (0.6ms)
  Rendered /Users/edan/.rvm/gems/ruby-2.0.0-p451@railstutorial_rails_4_0/gems/actionpack-4.0.3/lib/action_dispatch/middleware/templates/routes/_table.html.erb (0.8ms)
  Rendered /Users/edan/.rvm/gems/ruby-2.0.0-p451@railstutorial_rails_4_0/gems/actionpack-4.0.3/lib/action_dispatch/middleware/templates/rescues/routing_error.erb within rescues/layout (16.8ms)


Started GET "/" for 127.0.0.1 at 2014-05-27 00:21:04 -0700

ActionController::RoutingError (uninitialized constant WedashboardController):
  activesupport (4.0.3) lib/active_support/inflector/methods.rb:226:in `const_get'
  activesupport (4.0.3) lib/active_support/inflector/methods.rb:226:in `block in constantize'
  activesupport (4.0.3) lib/active_support/inflector/methods.rb:224:in `each'
  activesupport (4.0.3) lib/active_support/inflector/methods.rb:224:in `inject'
  activesupport (4.0.3) lib/active_support/inflector/methods.rb:224:in `constantize'
  actionpack (4.0.3) lib/action_dispatch/routing/route_set.rb:76:in `controller_reference'
  actionpack (4.0.3) lib/action_dispatch/routing/route_set.rb:66:in `controller'
  actionpack (4.0.3) lib/action_dispatch/routing/route_set.rb:44:in `call'
  actionpack (4.0.3) lib/action_dispatch/journey/router.rb:71:in `block in call'
  actionpack (4.0.3) lib/action_dispatch/journey/router.rb:59:in `each'
  actionpack (4.0.3) lib/action_dispatch/journey/router.rb:59:in `call'
  actionpack (4.0.3) lib/action_dispatch/routing/route_set.rb:680:in `call'
  rack (1.5.2) lib/rack/etag.rb:23:in `call'
  rack (1.5.2) lib/rack/conditionalget.rb:25:in `call'
  rack (1.5.2) lib/rack/head.rb:11:in `call'
  actionpack (4.0.3) lib/action_dispatch/middleware/params_parser.rb:27:in `call'
  actionpack (4.0.3) lib/action_dispatch/middleware/flash.rb:241:in `call'
  rack (1.5.2) lib/rack/session/abstract/id.rb:225:in `context'
  rack (1.5.2) lib/rack/session/abstract/id.rb:220:in `call'
  actionpack (4.0.3) lib/action_dispatch/middleware/cookies.rb:486:in `call'
  activerecord (4.0.3) lib/active_record/query_cache.rb:36:in `call'
  activerecord (4.0.3) lib/active_record/connection_adapters/abstract/connection_pool.rb:626:in `call'
  activerecord (4.0.3) lib/active_record/migration.rb:369:in `call'
  actionpack (4.0.3) lib/action_dispatch/middleware/callbacks.rb:29:in `block in call'
  activesupport (4.0.3) lib/active_support/callbacks.rb:373:in `_run__1995928668306428606__call__callbacks'
  activesupport (4.0.3) lib/active_support/callbacks.rb:80:in `run_callbacks'
  actionpack (4.0.3) lib/action_dispatch/middleware/callbacks.rb:27:in `call'
  actionpack (4.0.3) lib/action_dispatch/middleware/reloader.rb:64:in `call'
  actionpack (4.0.3) lib/action_dispatch/middleware/remote_ip.rb:76:in `call'
  actionpack (4.0.3) lib/action_dispatch/middleware/debug_exceptions.rb:17:in `call'
  actionpack (4.0.3) lib/action_dispatch/middleware/show_exceptions.rb:30:in `call'
  railties (4.0.3) lib/rails/rack/logger.rb:38:in `call_app'
  railties (4.0.3) lib/rails/rack/logger.rb:20:in `block in call'
  activesupport (4.0.3) lib/active_support/tagged_logging.rb:67:in `block in tagged'
  activesupport (4.0.3) lib/active_support/tagged_logging.rb:25:in `tagged'
  activesupport (4.0.3) lib/active_support/tagged_logging.rb:67:in `tagged'
  railties (4.0.3) lib/rails/rack/logger.rb:20:in `call'
  actionpack (4.0.3) lib/action_dispatch/middleware/request_id.rb:21:in `call'
  rack (1.5.2) lib/rack/methodoverride.rb:21:in `call'
  rack (1.5.2) lib/rack/runtime.rb:17:in `call'
  activesupport (4.0.3) lib/active_support/cache/strategy/local_cache.rb:83:in `call'
  rack (1.5.2) lib/rack/lock.rb:17:in `call'
  actionpack (4.0.3) lib/action_dispatch/middleware/static.rb:64:in `call'
  rack (1.5.2) lib/rack/sendfile.rb:112:in `call'
  railties (4.0.3) lib/rails/engine.rb:511:in `call'
  railties (4.0.3) lib/rails/application.rb:97:in `call'
  rack (1.5.2) lib/rack/lock.rb:17:in `call'
  rack (1.5.2) lib/rack/content_length.rb:14:in `call'
  rack (1.5.2) lib/rack/handler/webrick.rb:60:in `service'
  /Users/edan/.rvm/rubies/ruby-2.0.0-p451/lib/ruby/2.0.0/webrick/httpserver.rb:138:in `service'
  /Users/edan/.rvm/rubies/ruby-2.0.0-p451/lib/ruby/2.0.0/webrick/httpserver.rb:94:in `run'
  /Users/edan/.rvm/rubies/ruby-2.0.0-p451/lib/ruby/2.0.0/webrick/server.rb:295:in `block in start_thread'


  Rendered /Users/edan/.rvm/gems/ruby-2.0.0-p451@railstutorial_rails_4_0/gems/actionpack-4.0.3/lib/action_dispatch/middleware/templates/rescues/_trace.erb (1.0ms)
  Rendered /Users/edan/.rvm/gems/ruby-2.0.0-p451@railstutorial_rails_4_0/gems/actionpack-4.0.3/lib/action_dispatch/middleware/templates/routes/_route.html.erb (0.7ms)
  Rendered /Users/edan/.rvm/gems/ruby-2.0.0-p451@railstutorial_rails_4_0/gems/actionpack-4.0.3/lib/action_dispatch/middleware/templates/routes/_table.html.erb (4.4ms)
  Rendered /Users/edan/.rvm/gems/ruby-2.0.0-p451@railstutorial_rails_4_0/gems/actionpack-4.0.3/lib/action_dispatch/middleware/templates/rescues/routing_error.erb within rescues/layout (24.7ms)


Started GET "/" for 127.0.0.1 at 2014-05-27 00:21:05 -0700

ActionController::RoutingError (uninitialized constant WedashboardController):
  activesupport (4.0.3) lib/active_support/inflector/methods.rb:226:in `const_get'
  activesupport (4.0.3) lib/active_support/inflector/methods.rb:226:in `block in constantize'
  activesupport (4.0.3) lib/active_support/inflector/methods.rb:224:in `each'
  activesupport (4.0.3) lib/active_support/inflector/methods.rb:224:in `inject'
  activesupport (4.0.3) lib/active_support/inflector/methods.rb:224:in `constantize'
  actionpack (4.0.3) lib/action_dispatch/routing/route_set.rb:76:in `controller_reference'
  actionpack (4.0.3) lib/action_dispatch/routing/route_set.rb:66:in `controller'
  actionpack (4.0.3) lib/action_dispatch/routing/route_set.rb:44:in `call'
  actionpack (4.0.3) lib/action_dispatch/journey/router.rb:71:in `block in call'
  actionpack (4.0.3) lib/action_dispatch/journey/router.rb:59:in `each'
  actionpack (4.0.3) lib/action_dispatch/journey/router.rb:59:in `call'
  actionpack (4.0.3) lib/action_dispatch/routing/route_set.rb:680:in `call'
  rack (1.5.2) lib/rack/etag.rb:23:in `call'
  rack (1.5.2) lib/rack/conditionalget.rb:25:in `call'
  rack (1.5.2) lib/rack/head.rb:11:in `call'
  actionpack (4.0.3) lib/action_dispatch/middleware/params_parser.rb:27:in `call'
  actionpack (4.0.3) lib/action_dispatch/middleware/flash.rb:241:in `call'
  rack (1.5.2) lib/rack/session/abstract/id.rb:225:in `context'
  rack (1.5.2) lib/rack/session/abstract/id.rb:220:in `call'
  actionpack (4.0.3) lib/action_dispatch/middleware/cookies.rb:486:in `call'
  activerecord (4.0.3) lib/active_record/query_cache.rb:36:in `call'
  activerecord (4.0.3) lib/active_record/connection_adapters/abstract/connection_pool.rb:626:in `call'
  activerecord (4.0.3) lib/active_record/migration.rb:369:in `call'
  actionpack (4.0.3) lib/action_dispatch/middleware/callbacks.rb:29:in `block in call'
  activesupport (4.0.3) lib/active_support/callbacks.rb:373:in `_run__1995928668306428606__call__callbacks'
  activesupport (4.0.3) lib/active_support/callbacks.rb:80:in `run_callbacks'
  actionpack (4.0.3) lib/action_dispatch/middleware/callbacks.rb:27:in `call'
  actionpack (4.0.3) lib/action_dispatch/middleware/reloader.rb:64:in `call'
  actionpack (4.0.3) lib/action_dispatch/middleware/remote_ip.rb:76:in `call'
  actionpack (4.0.3) lib/action_dispatch/middleware/debug_exceptions.rb:17:in `call'
  actionpack (4.0.3) lib/action_dispatch/middleware/show_exceptions.rb:30:in `call'
  railties (4.0.3) lib/rails/rack/logger.rb:38:in `call_app'
  railties (4.0.3) lib/rails/rack/logger.rb:20:in `block in call'
  activesupport (4.0.3) lib/active_support/tagged_logging.rb:67:in `block in tagged'
  activesupport (4.0.3) lib/active_support/tagged_logging.rb:25:in `tagged'
  activesupport (4.0.3) lib/active_support/tagged_logging.rb:67:in `tagged'
  railties (4.0.3) lib/rails/rack/logger.rb:20:in `call'
  actionpack (4.0.3) lib/action_dispatch/middleware/request_id.rb:21:in `call'
  rack (1.5.2) lib/rack/methodoverride.rb:21:in `call'
  rack (1.5.2) lib/rack/runtime.rb:17:in `call'
  activesupport (4.0.3) lib/active_support/cache/strategy/local_cache.rb:83:in `call'
  rack (1.5.2) lib/rack/lock.rb:17:in `call'
  actionpack (4.0.3) lib/action_dispatch/middleware/static.rb:64:in `call'
  rack (1.5.2) lib/rack/sendfile.rb:112:in `call'
  railties (4.0.3) lib/rails/engine.rb:511:in `call'
  railties (4.0.3) lib/rails/application.rb:97:in `call'
  rack (1.5.2) lib/rack/lock.rb:17:in `call'
  rack (1.5.2) lib/rack/content_length.rb:14:in `call'
  rack (1.5.2) lib/rack/handler/webrick.rb:60:in `service'
  /Users/edan/.rvm/rubies/ruby-2.0.0-p451/lib/ruby/2.0.0/webrick/httpserver.rb:138:in `service'
  /Users/edan/.rvm/rubies/ruby-2.0.0-p451/lib/ruby/2.0.0/webrick/httpserver.rb:94:in `run'
  /Users/edan/.rvm/rubies/ruby-2.0.0-p451/lib/ruby/2.0.0/webrick/server.rb:295:in `block in start_thread'


  Rendered /Users/edan/.rvm/gems/ruby-2.0.0-p451@railstutorial_rails_4_0/gems/actionpack-4.0.3/lib/action_dispatch/middleware/templates/rescues/_trace.erb (0.9ms)
  Rendered /Users/edan/.rvm/gems/ruby-2.0.0-p451@railstutorial_rails_4_0/gems/actionpack-4.0.3/lib/action_dispatch/middleware/templates/routes/_route.html.erb (0.6ms)
  Rendered /Users/edan/.rvm/gems/ruby-2.0.0-p451@railstutorial_rails_4_0/gems/actionpack-4.0.3/lib/action_dispatch/middleware/templates/routes/_table.html.erb (0.8ms)
  Rendered /Users/edan/.rvm/gems/ruby-2.0.0-p451@railstutorial_rails_4_0/gems/actionpack-4.0.3/lib/action_dispatch/middleware/templates/rescues/routing_error.erb within rescues/layout (13.5ms)


Started GET "/" for 127.0.0.1 at 2014-05-27 00:21:06 -0700

ActionController::RoutingError (uninitialized constant WedashboardController):
  activesupport (4.0.3) lib/active_support/inflector/methods.rb:226:in `const_get'
  activesupport (4.0.3) lib/active_support/inflector/methods.rb:226:in `block in constantize'
  activesupport (4.0.3) lib/active_support/inflector/methods.rb:224:in `each'
  activesupport (4.0.3) lib/active_support/inflector/methods.rb:224:in `inject'
  activesupport (4.0.3) lib/active_support/inflector/methods.rb:224:in `constantize'
  actionpack (4.0.3) lib/action_dispatch/routing/route_set.rb:76:in `controller_reference'
  actionpack (4.0.3) lib/action_dispatch/routing/route_set.rb:66:in `controller'
  actionpack (4.0.3) lib/action_dispatch/routing/route_set.rb:44:in `call'
  actionpack (4.0.3) lib/action_dispatch/journey/router.rb:71:in `block in call'
  actionpack (4.0.3) lib/action_dispatch/journey/router.rb:59:in `each'
  actionpack (4.0.3) lib/action_dispatch/journey/router.rb:59:in `call'
  actionpack (4.0.3) lib/action_dispatch/routing/route_set.rb:680:in `call'
  rack (1.5.2) lib/rack/etag.rb:23:in `call'
  rack (1.5.2) lib/rack/conditionalget.rb:25:in `call'
  rack (1.5.2) lib/rack/head.rb:11:in `call'
  actionpack (4.0.3) lib/action_dispatch/middleware/params_parser.rb:27:in `call'
  actionpack (4.0.3) lib/action_dispatch/middleware/flash.rb:241:in `call'
  rack (1.5.2) lib/rack/session/abstract/id.rb:225:in `context'
  rack (1.5.2) lib/rack/session/abstract/id.rb:220:in `call'
  actionpack (4.0.3) lib/action_dispatch/middleware/cookies.rb:486:in `call'
  activerecord (4.0.3) lib/active_record/query_cache.rb:36:in `call'
  activerecord (4.0.3) lib/active_record/connection_adapters/abstract/connection_pool.rb:626:in `call'
  activerecord (4.0.3) lib/active_record/migration.rb:369:in `call'
  actionpack (4.0.3) lib/action_dispatch/middleware/callbacks.rb:29:in `block in call'
  activesupport (4.0.3) lib/active_support/callbacks.rb:373:in `_run__1995928668306428606__call__callbacks'
  activesupport (4.0.3) lib/active_support/callbacks.rb:80:in `run_callbacks'
  actionpack (4.0.3) lib/action_dispatch/middleware/callbacks.rb:27:in `call'
  actionpack (4.0.3) lib/action_dispatch/middleware/reloader.rb:64:in `call'
  actionpack (4.0.3) lib/action_dispatch/middleware/remote_ip.rb:76:in `call'
  actionpack (4.0.3) lib/action_dispatch/middleware/debug_exceptions.rb:17:in `call'
  actionpack (4.0.3) lib/action_dispatch/middleware/show_exceptions.rb:30:in `call'
  railties (4.0.3) lib/rails/rack/logger.rb:38:in `call_app'
  railties (4.0.3) lib/rails/rack/logger.rb:20:in `block in call'
  activesupport (4.0.3) lib/active_support/tagged_logging.rb:67:in `block in tagged'
  activesupport (4.0.3) lib/active_support/tagged_logging.rb:25:in `tagged'
  activesupport (4.0.3) lib/active_support/tagged_logging.rb:67:in `tagged'
  railties (4.0.3) lib/rails/rack/logger.rb:20:in `call'
  actionpack (4.0.3) lib/action_dispatch/middleware/request_id.rb:21:in `call'
  rack (1.5.2) lib/rack/methodoverride.rb:21:in `call'
  rack (1.5.2) lib/rack/runtime.rb:17:in `call'
  activesupport (4.0.3) lib/active_support/cache/strategy/local_cache.rb:83:in `call'
  rack (1.5.2) lib/rack/lock.rb:17:in `call'
  actionpack (4.0.3) lib/action_dispatch/middleware/static.rb:64:in `call'
  rack (1.5.2) lib/rack/sendfile.rb:112:in `call'
  railties (4.0.3) lib/rails/engine.rb:511:in `call'
  railties (4.0.3) lib/rails/application.rb:97:in `call'
  rack (1.5.2) lib/rack/lock.rb:17:in `call'
  rack (1.5.2) lib/rack/content_length.rb:14:in `call'
  rack (1.5.2) lib/rack/handler/webrick.rb:60:in `service'
  /Users/edan/.rvm/rubies/ruby-2.0.0-p451/lib/ruby/2.0.0/webrick/httpserver.rb:138:in `service'
  /Users/edan/.rvm/rubies/ruby-2.0.0-p451/lib/ruby/2.0.0/webrick/httpserver.rb:94:in `run'
  /Users/edan/.rvm/rubies/ruby-2.0.0-p451/lib/ruby/2.0.0/webrick/server.rb:295:in `block in start_thread'


  Rendered /Users/edan/.rvm/gems/ruby-2.0.0-p451@railstutorial_rails_4_0/gems/actionpack-4.0.3/lib/action_dispatch/middleware/templates/rescues/_trace.erb (0.9ms)
  Rendered /Users/edan/.rvm/gems/ruby-2.0.0-p451@railstutorial_rails_4_0/gems/actionpack-4.0.3/lib/action_dispatch/middleware/templates/routes/_route.html.erb (0.6ms)
  Rendered /Users/edan/.rvm/gems/ruby-2.0.0-p451@railstutorial_rails_4_0/gems/actionpack-4.0.3/lib/action_dispatch/middleware/templates/routes/_table.html.erb (0.9ms)
  Rendered /Users/edan/.rvm/gems/ruby-2.0.0-p451@railstutorial_rails_4_0/gems/actionpack-4.0.3/lib/action_dispatch/middleware/templates/rescues/routing_error.erb within rescues/layout (13.6ms)


Started GET "/" for 127.0.0.1 at 2014-05-27 00:21:28 -0700
Processing by DashboardController#index as HTML
  Rendered dashboard/index.html.erb within layouts/application (0.9ms)
Completed 200 OK in 620ms (Views: 611.2ms | ActiveRecord: 0.0ms)


Started GET "/assets/application.css?body=1" for 127.0.0.1 at 2014-05-27 00:21:29 -0700


Started GET "/assets/dashboard.css?body=1" for 127.0.0.1 at 2014-05-27 00:21:29 -0700


Started GET "/assets/jquery_ujs.js?body=1" for 127.0.0.1 at 2014-05-27 00:21:29 -0700


Started GET "/assets/jquery.js?body=1" for 127.0.0.1 at 2014-05-27 00:21:29 -0700


Started GET "/assets/turbolinks.js?body=1" for 127.0.0.1 at 2014-05-27 00:21:29 -0700


Started GET "/assets/dashboard.js?body=1" for 127.0.0.1 at 2014-05-27 00:21:29 -0700


Started GET "/assets/application.js?body=1" for 127.0.0.1 at 2014-05-27 00:21:29 -0700


Started GET "/" for 127.0.0.1 at 2014-05-27 00:21:31 -0700
Processing by DashboardController#index as HTML
  Rendered dashboard/index.html.erb within layouts/application (0.0ms)
Completed 200 OK in 4ms (Views: 3.3ms | ActiveRecord: 0.0ms)


Started GET "/assets/application.css?body=1" for 127.0.0.1 at 2014-05-27 00:21:31 -0700


Started GET "/assets/dashboard.css?body=1" for 127.0.0.1 at 2014-05-27 00:21:31 -0700


Started GET "/assets/jquery.js?body=1" for 127.0.0.1 at 2014-05-27 00:21:31 -0700


Started GET "/assets/jquery_ujs.js?body=1" for 127.0.0.1 at 2014-05-27 00:21:31 -0700


Started GET "/assets/application.js?body=1" for 127.0.0.1 at 2014-05-27 00:21:31 -0700


Started GET "/assets/turbolinks.js?body=1" for 127.0.0.1 at 2014-05-27 00:21:31 -0700


Started GET "/assets/dashboard.js?body=1" for 127.0.0.1 at 2014-05-27 00:21:31 -0700


Started GET "/" for 127.0.0.1 at 2014-05-27 00:22:16 -0700
Processing by DashboardController#index as HTML
  Rendered dashboard/index.html.erb within layouts/application (0.4ms)
Completed 200 OK in 4ms (Views: 4.0ms | ActiveRecord: 0.0ms)


Started GET "/assets/application.css?body=1" for 127.0.0.1 at 2014-05-27 00:22:16 -0700


Started GET "/assets/jquery.js?body=1" for 127.0.0.1 at 2014-05-27 00:22:17 -0700


Started GET "/assets/dashboard.css?body=1" for 127.0.0.1 at 2014-05-27 00:22:17 -0700


Started GET "/assets/jquery_ujs.js?body=1" for 127.0.0.1 at 2014-05-27 00:22:17 -0700


Started GET "/assets/application.js?body=1" for 127.0.0.1 at 2014-05-27 00:22:17 -0700


Started GET "/assets/turbolinks.js?body=1" for 127.0.0.1 at 2014-05-27 00:22:17 -0700


Started GET "/assets/dashboard.js?body=1" for 127.0.0.1 at 2014-05-27 00:22:17 -0700


Started GET "/" for 127.0.0.1 at 2014-05-27 00:22:48 -0700
Processing by DashboardController#index as HTML
  Rendered dashboard/index.html.erb within layouts/application (0.0ms)
Completed 200 OK in 16ms (Views: 15.2ms | ActiveRecord: 0.0ms)


Started GET "/assets/application.css?body=1" for 127.0.0.1 at 2014-05-27 00:22:48 -0700


Started GET "/assets/jquery.js?body=1" for 127.0.0.1 at 2014-05-27 00:22:48 -0700


Started GET "/assets/dashboard.css?body=1" for 127.0.0.1 at 2014-05-27 00:22:48 -0700


Started GET "/assets/jquery_ujs.js?body=1" for 127.0.0.1 at 2014-05-27 00:22:48 -0700


Started GET "/assets/turbolinks.js?body=1" for 127.0.0.1 at 2014-05-27 00:22:48 -0700


Started GET "/assets/application.js?body=1" for 127.0.0.1 at 2014-05-27 00:22:48 -0700


Started GET "/assets/dashboard.js?body=1" for 127.0.0.1 at 2014-05-27 00:22:48 -0700


Started GET "/" for 127.0.0.1 at 2014-05-27 00:22:49 -0700
Processing by DashboardController#index as HTML
  Rendered dashboard/index.html.erb within layouts/application (0.0ms)
Completed 200 OK in 5ms (Views: 4.3ms | ActiveRecord: 0.0ms)


Started GET "/assets/application.css?body=1" for 127.0.0.1 at 2014-05-27 00:22:49 -0700


Started GET "/assets/dashboard.css?body=1" for 127.0.0.1 at 2014-05-27 00:22:49 -0700


Started GET "/assets/jquery.js?body=1" for 127.0.0.1 at 2014-05-27 00:22:49 -0700


Started GET "/assets/dashboard.js?body=1" for 127.0.0.1 at 2014-05-27 00:22:49 -0700


Started GET "/assets/jquery_ujs.js?body=1" for 127.0.0.1 at 2014-05-27 00:22:50 -0700


Started GET "/assets/turbolinks.js?body=1" for 127.0.0.1 at 2014-05-27 00:22:50 -0700


Started GET "/assets/application.js?body=1" for 127.0.0.1 at 2014-05-27 00:22:50 -0700


Started GET "/" for 127.0.0.1 at 2014-05-27 00:23:08 -0700
Processing by DashboardController#index as HTML
  Rendered dashboard/index.html.erb within layouts/application (0.0ms)
Completed 500 Internal Server Error in 64ms

ActionView::Template::Error ([stdin]:6:21: error: reserved word "function"
$("document").ready(function(){
                    ^
  (in /Users/edan/Projects/ScoreKeeper/app/assets/javascripts/dashboard.js.coffee)):
    3: <head>
    4:   <title>ScoreKeeper</title>
    5:   <%= stylesheet_link_tag    "application", media: "all", "data-turbolinks-track" => true %>
    6:   <%= javascript_include_tag "application", "data-turbolinks-track" => true %>
    7:   <%= csrf_meta_tags %>
    8: </head>
    9: <body>
  app/views/layouts/application.html.erb:6:in `_app_views_layouts_application_html_erb___3593600865347591186_70108122386320'


  Rendered /Users/edan/.rvm/gems/ruby-2.0.0-p451@railstutorial_rails_4_0/gems/actionpack-4.0.3/lib/action_dispatch/middleware/templates/rescues/_trace.erb (1.0ms)
  Rendered /Users/edan/.rvm/gems/ruby-2.0.0-p451@railstutorial_rails_4_0/gems/actionpack-4.0.3/lib/action_dispatch/middleware/templates/rescues/_request_and_response.erb (0.9ms)
  Rendered /Users/edan/.rvm/gems/ruby-2.0.0-p451@railstutorial_rails_4_0/gems/actionpack-4.0.3/lib/action_dispatch/middleware/templates/rescues/template_error.erb within rescues/layout (11.1ms)


Started GET "/" for 127.0.0.1 at 2014-05-27 00:23:11 -0700
Processing by DashboardController#index as HTML
  Rendered dashboard/index.html.erb within layouts/application (0.1ms)
Completed 500 Internal Server Error in 87ms

ActionView::Template::Error ([stdin]:6:21: error: reserved word "function"
$("document").ready(function(){
                    ^
  (in /Users/edan/Projects/ScoreKeeper/app/assets/javascripts/dashboard.js.coffee)):
    3: <head>
    4:   <title>ScoreKeeper</title>
    5:   <%= stylesheet_link_tag    "application", media: "all", "data-turbolinks-track" => true %>
    6:   <%= javascript_include_tag "application", "data-turbolinks-track" => true %>
    7:   <%= csrf_meta_tags %>
    8: </head>
    9: <body>
  app/views/layouts/application.html.erb:6:in `_app_views_layouts_application_html_erb___3593600865347591186_70108122386320'


  Rendered /Users/edan/.rvm/gems/ruby-2.0.0-p451@railstutorial_rails_4_0/gems/actionpack-4.0.3/lib/action_dispatch/middleware/templates/rescues/_trace.erb (1.1ms)
  Rendered /Users/edan/.rvm/gems/ruby-2.0.0-p451@railstutorial_rails_4_0/gems/actionpack-4.0.3/lib/action_dispatch/middleware/templates/rescues/_request_and_response.erb (0.7ms)
  Rendered /Users/edan/.rvm/gems/ruby-2.0.0-p451@railstutorial_rails_4_0/gems/actionpack-4.0.3/lib/action_dispatch/middleware/templates/rescues/template_error.erb within rescues/layout (9.4ms)


Started GET "/" for 127.0.0.1 at 2014-05-27 00:24:28 -0700
Processing by DashboardController#index as HTML
  Rendered dashboard/index.html.erb within layouts/application (0.1ms)
Completed 500 Internal Server Error in 85ms

ActionView::Template::Error ([stdin]:6:21: error: reserved word "function"
$("document").ready(function(){
                    ^
  (in /Users/edan/Projects/ScoreKeeper/app/assets/javascripts/dashboard.js.coffee)):
     8: <!-- Optional theme -->
     9: 		<link rel="stylesheet" href="http://netdna.bootstrapcdn.com/bootstrap/3.1.1/css/bootstrap-theme.min.css">
    10: 
    11:   <%= javascript_include_tag "application", "data-turbolinks-track" => true %>
    12: 	<!-- Latest compiled and minified JavaScript -->
    13: 	<script src="https://ajax.googleapis.com/ajax/libs/jquery/1.11.0/jquery.min.js"></script>
    14: 	<script src="http://netdna.bootstrapcdn.com/bootstrap/3.1.1/js/bootstrap.min.js"></script>
  app/views/layouts/application.html.erb:11:in `_app_views_layouts_application_html_erb___3593600865347591186_70108131478440'


  Rendered /Users/edan/.rvm/gems/ruby-2.0.0-p451@railstutorial_rails_4_0/gems/actionpack-4.0.3/lib/action_dispatch/middleware/templates/rescues/_trace.erb (1.1ms)
  Rendered /Users/edan/.rvm/gems/ruby-2.0.0-p451@railstutorial_rails_4_0/gems/actionpack-4.0.3/lib/action_dispatch/middleware/templates/rescues/_request_and_response.erb (0.8ms)
  Rendered /Users/edan/.rvm/gems/ruby-2.0.0-p451@railstutorial_rails_4_0/gems/actionpack-4.0.3/lib/action_dispatch/middleware/templates/rescues/template_error.erb within rescues/layout (9.9ms)


Started GET "/" for 127.0.0.1 at 2014-05-27 00:24:28 -0700
Processing by DashboardController#index as HTML
  Rendered dashboard/index.html.erb within layouts/application (0.1ms)
Completed 500 Internal Server Error in 80ms

ActionView::Template::Error ([stdin]:6:21: error: reserved word "function"
$("document").ready(function(){
                    ^
  (in /Users/edan/Projects/ScoreKeeper/app/assets/javascripts/dashboard.js.coffee)):
     8: <!-- Optional theme -->
     9: 		<link rel="stylesheet" href="http://netdna.bootstrapcdn.com/bootstrap/3.1.1/css/bootstrap-theme.min.css">
    10: 
    11:   <%= javascript_include_tag "application", "data-turbolinks-track" => true %>
    12: 	<!-- Latest compiled and minified JavaScript -->
    13: 	<script src="https://ajax.googleapis.com/ajax/libs/jquery/1.11.0/jquery.min.js"></script>
    14: 	<script src="http://netdna.bootstrapcdn.com/bootstrap/3.1.1/js/bootstrap.min.js"></script>
  app/views/layouts/application.html.erb:11:in `_app_views_layouts_application_html_erb___3593600865347591186_70108131478440'


  Rendered /Users/edan/.rvm/gems/ruby-2.0.0-p451@railstutorial_rails_4_0/gems/actionpack-4.0.3/lib/action_dispatch/middleware/templates/rescues/_trace.erb (1.0ms)
  Rendered /Users/edan/.rvm/gems/ruby-2.0.0-p451@railstutorial_rails_4_0/gems/actionpack-4.0.3/lib/action_dispatch/middleware/templates/rescues/_request_and_response.erb (0.7ms)
  Rendered /Users/edan/.rvm/gems/ruby-2.0.0-p451@railstutorial_rails_4_0/gems/actionpack-4.0.3/lib/action_dispatch/middleware/templates/rescues/template_error.erb within rescues/layout (9.2ms)


Started GET "/" for 127.0.0.1 at 2014-05-27 00:24:29 -0700
Processing by DashboardController#index as HTML
  Rendered dashboard/index.html.erb within layouts/application (0.1ms)
Completed 500 Internal Server Error in 58ms

ActionView::Template::Error ([stdin]:6:21: error: reserved word "function"
$("document").ready(function(){
                    ^
  (in /Users/edan/Projects/ScoreKeeper/app/assets/javascripts/dashboard.js.coffee)):
     8: <!-- Optional theme -->
     9: 		<link rel="stylesheet" href="http://netdna.bootstrapcdn.com/bootstrap/3.1.1/css/bootstrap-theme.min.css">
    10: 
    11:   <%= javascript_include_tag "application", "data-turbolinks-track" => true %>
    12: 	<!-- Latest compiled and minified JavaScript -->
    13: 	<script src="https://ajax.googleapis.com/ajax/libs/jquery/1.11.0/jquery.min.js"></script>
    14: 	<script src="http://netdna.bootstrapcdn.com/bootstrap/3.1.1/js/bootstrap.min.js"></script>
  app/views/layouts/application.html.erb:11:in `_app_views_layouts_application_html_erb___3593600865347591186_70108131478440'


  Rendered /Users/edan/.rvm/gems/ruby-2.0.0-p451@railstutorial_rails_4_0/gems/actionpack-4.0.3/lib/action_dispatch/middleware/templates/rescues/_trace.erb (1.0ms)
  Rendered /Users/edan/.rvm/gems/ruby-2.0.0-p451@railstutorial_rails_4_0/gems/actionpack-4.0.3/lib/action_dispatch/middleware/templates/rescues/_request_and_response.erb (0.7ms)
  Rendered /Users/edan/.rvm/gems/ruby-2.0.0-p451@railstutorial_rails_4_0/gems/actionpack-4.0.3/lib/action_dispatch/middleware/templates/rescues/template_error.erb within rescues/layout (9.1ms)


Started GET "/" for 127.0.0.1 at 2014-05-27 00:24:29 -0700
Processing by DashboardController#index as HTML
  Rendered dashboard/index.html.erb within layouts/application (0.1ms)
Completed 500 Internal Server Error in 81ms

ActionView::Template::Error ([stdin]:6:21: error: reserved word "function"
$("document").ready(function(){
                    ^
  (in /Users/edan/Projects/ScoreKeeper/app/assets/javascripts/dashboard.js.coffee)):
     8: <!-- Optional theme -->
     9: 		<link rel="stylesheet" href="http://netdna.bootstrapcdn.com/bootstrap/3.1.1/css/bootstrap-theme.min.css">
    10: 
    11:   <%= javascript_include_tag "application", "data-turbolinks-track" => true %>
    12: 	<!-- Latest compiled and minified JavaScript -->
    13: 	<script src="https://ajax.googleapis.com/ajax/libs/jquery/1.11.0/jquery.min.js"></script>
    14: 	<script src="http://netdna.bootstrapcdn.com/bootstrap/3.1.1/js/bootstrap.min.js"></script>
  app/views/layouts/application.html.erb:11:in `_app_views_layouts_application_html_erb___3593600865347591186_70108131478440'


  Rendered /Users/edan/.rvm/gems/ruby-2.0.0-p451@railstutorial_rails_4_0/gems/actionpack-4.0.3/lib/action_dispatch/middleware/templates/rescues/_trace.erb (1.0ms)
  Rendered /Users/edan/.rvm/gems/ruby-2.0.0-p451@railstutorial_rails_4_0/gems/actionpack-4.0.3/lib/action_dispatch/middleware/templates/rescues/_request_and_response.erb (0.7ms)
  Rendered /Users/edan/.rvm/gems/ruby-2.0.0-p451@railstutorial_rails_4_0/gems/actionpack-4.0.3/lib/action_dispatch/middleware/templates/rescues/template_error.erb within rescues/layout (9.4ms)


Started GET "/" for 127.0.0.1 at 2014-05-27 00:24:29 -0700
Processing by DashboardController#index as HTML
  Rendered dashboard/index.html.erb within layouts/application (0.0ms)
Completed 500 Internal Server Error in 78ms

ActionView::Template::Error ([stdin]:6:21: error: reserved word "function"
$("document").ready(function(){
                    ^
  (in /Users/edan/Projects/ScoreKeeper/app/assets/javascripts/dashboard.js.coffee)):
     8: <!-- Optional theme -->
     9: 		<link rel="stylesheet" href="http://netdna.bootstrapcdn.com/bootstrap/3.1.1/css/bootstrap-theme.min.css">
    10: 
    11:   <%= javascript_include_tag "application", "data-turbolinks-track" => true %>
    12: 	<!-- Latest compiled and minified JavaScript -->
    13: 	<script src="https://ajax.googleapis.com/ajax/libs/jquery/1.11.0/jquery.min.js"></script>
    14: 	<script src="http://netdna.bootstrapcdn.com/bootstrap/3.1.1/js/bootstrap.min.js"></script>
  app/views/layouts/application.html.erb:11:in `_app_views_layouts_application_html_erb___3593600865347591186_70108131478440'


  Rendered /Users/edan/.rvm/gems/ruby-2.0.0-p451@railstutorial_rails_4_0/gems/actionpack-4.0.3/lib/action_dispatch/middleware/templates/rescues/_trace.erb (1.0ms)
  Rendered /Users/edan/.rvm/gems/ruby-2.0.0-p451@railstutorial_rails_4_0/gems/actionpack-4.0.3/lib/action_dispatch/middleware/templates/rescues/_request_and_response.erb (0.7ms)
  Rendered /Users/edan/.rvm/gems/ruby-2.0.0-p451@railstutorial_rails_4_0/gems/actionpack-4.0.3/lib/action_dispatch/middleware/templates/rescues/template_error.erb within rescues/layout (9.4ms)


Started GET "/" for 127.0.0.1 at 2014-05-27 00:24:29 -0700
Processing by DashboardController#index as HTML
  Rendered dashboard/index.html.erb within layouts/application (0.0ms)
Completed 500 Internal Server Error in 59ms

ActionView::Template::Error ([stdin]:6:21: error: reserved word "function"
$("document").ready(function(){
                    ^
  (in /Users/edan/Projects/ScoreKeeper/app/assets/javascripts/dashboard.js.coffee)):
     8: <!-- Optional theme -->
     9: 		<link rel="stylesheet" href="http://netdna.bootstrapcdn.com/bootstrap/3.1.1/css/bootstrap-theme.min.css">
    10: 
    11:   <%= javascript_include_tag "application", "data-turbolinks-track" => true %>
    12: 	<!-- Latest compiled and minified JavaScript -->
    13: 	<script src="https://ajax.googleapis.com/ajax/libs/jquery/1.11.0/jquery.min.js"></script>
    14: 	<script src="http://netdna.bootstrapcdn.com/bootstrap/3.1.1/js/bootstrap.min.js"></script>
  app/views/layouts/application.html.erb:11:in `_app_views_layouts_application_html_erb___3593600865347591186_70108131478440'


  Rendered /Users/edan/.rvm/gems/ruby-2.0.0-p451@railstutorial_rails_4_0/gems/actionpack-4.0.3/lib/action_dispatch/middleware/templates/rescues/_trace.erb (1.1ms)
  Rendered /Users/edan/.rvm/gems/ruby-2.0.0-p451@railstutorial_rails_4_0/gems/actionpack-4.0.3/lib/action_dispatch/middleware/templates/rescues/_request_and_response.erb (0.7ms)
  Rendered /Users/edan/.rvm/gems/ruby-2.0.0-p451@railstutorial_rails_4_0/gems/actionpack-4.0.3/lib/action_dispatch/middleware/templates/rescues/template_error.erb within rescues/layout (9.6ms)


Started GET "/" for 127.0.0.1 at 2014-05-27 00:28:48 -0700
Processing by DashboardController#index as HTML
  Rendered dashboard/index.html.erb within layouts/application (0.1ms)
Completed 200 OK in 140ms (Views: 139.6ms | ActiveRecord: 0.0ms)


Started GET "/assets/application.css?body=1" for 127.0.0.1 at 2014-05-27 00:28:49 -0700


Started GET "/assets/dashboard.css?body=1" for 127.0.0.1 at 2014-05-27 00:28:49 -0700


Started GET "/assets/dashboard.js?body=1" for 127.0.0.1 at 2014-05-27 00:28:49 -0700


Started GET "/assets/jquery.js?body=1" for 127.0.0.1 at 2014-05-27 00:28:49 -0700


Started GET "/assets/jquery_ujs.js?body=1" for 127.0.0.1 at 2014-05-27 00:28:49 -0700


Started GET "/assets/turbolinks.js?body=1" for 127.0.0.1 at 2014-05-27 00:28:49 -0700


Started GET "/assets/application.js?body=1" for 127.0.0.1 at 2014-05-27 00:28:49 -0700


Started GET "/" for 127.0.0.1 at 2014-05-27 00:30:55 -0700
Processing by DashboardController#index as HTML
  Rendered dashboard/index.html.erb within layouts/application (0.1ms)
Completed 200 OK in 6ms (Views: 5.1ms | ActiveRecord: 0.0ms)


Started GET "/assets/application.css?body=1" for 127.0.0.1 at 2014-05-27 00:30:55 -0700


Started GET "/assets/jquery.js?body=1" for 127.0.0.1 at 2014-05-27 00:30:55 -0700


Started GET "/assets/application.js?body=1" for 127.0.0.1 at 2014-05-27 00:30:55 -0700


Started GET "/assets/jquery_ujs.js?body=1" for 127.0.0.1 at 2014-05-27 00:30:55 -0700


Started GET "/assets/turbolinks.js?body=1" for 127.0.0.1 at 2014-05-27 00:30:55 -0700


Started GET "/assets/dashboard.js?body=1" for 127.0.0.1 at 2014-05-27 00:30:55 -0700


Started GET "/assets/dashboard.css?body=1" for 127.0.0.1 at 2014-05-27 00:30:55 -0700


Started GET "/" for 127.0.0.1 at 2014-07-06 15:39:06 -0700
Processing by DashboardController#index as HTML
  Rendered dashboard/index.html.erb within layouts/application (1.3ms)
Completed 200 OK in 69ms (Views: 60.3ms | ActiveRecord: 0.0ms)


Started GET "/assets/application.css?body=1" for 127.0.0.1 at 2014-07-06 15:39:06 -0700


Started GET "/assets/dashboard.css?body=1" for 127.0.0.1 at 2014-07-06 15:39:06 -0700


Started GET "/assets/jquery.js?body=1" for 127.0.0.1 at 2014-07-06 15:39:06 -0700


Started GET "/assets/jquery_ujs.js?body=1" for 127.0.0.1 at 2014-07-06 15:39:06 -0700


Started GET "/assets/turbolinks.js?body=1" for 127.0.0.1 at 2014-07-06 15:39:06 -0700


Started GET "/assets/dashboard.js?body=1" for 127.0.0.1 at 2014-07-06 15:39:06 -0700


Started GET "/assets/application.js?body=1" for 127.0.0.1 at 2014-07-06 15:39:06 -0700
  [1m[36m (1.0ms)[0m  [1mCREATE TABLE "schema_migrations" ("version" varchar(255) NOT NULL) [0m
  [1m[35m (0.6ms)[0m  CREATE UNIQUE INDEX "unique_schema_migrations" ON "schema_migrations" ("version")
  [1m[36mActiveRecord::SchemaMigration Load (0.1ms)[0m  [1mSELECT "schema_migrations".* FROM "schema_migrations"[0m
Migrating to CreatePlayers (20140706224823)
  [1m[35m (0.0ms)[0m  begin transaction
  [1m[36m (0.3ms)[0m  [1mCREATE TABLE "players" ("id" INTEGER PRIMARY KEY AUTOINCREMENT NOT NULL, "name" varchar(255), "created_at" datetime, "updated_at" datetime) [0m
  [1m[35mSQL (0.2ms)[0m  INSERT INTO "schema_migrations" ("version") VALUES (?)  [["version", "20140706224823"]]
  [1m[36m (0.8ms)[0m  [1mcommit transaction[0m
  [1m[35mActiveRecord::SchemaMigration Load (0.1ms)[0m  SELECT "schema_migrations".* FROM "schema_migrations"
  [1m[36mPlayer Load (0.5ms)[0m  [1mSELECT "players".* FROM "players" ORDER BY "players"."id" ASC LIMIT 1[0m
  [1m[35mPlayer Load (0.2ms)[0m  SELECT "players".* FROM "players" ORDER BY "players"."id" ASC LIMIT 1


Started GET "/" for 127.0.0.1 at 2014-07-25 23:25:55 -0700
  [1m[36mActiveRecord::SchemaMigration Load (0.4ms)[0m  [1mSELECT "schema_migrations".* FROM "schema_migrations"[0m
Processing by DashboardController#index as HTML
  Rendered dashboard/index.html.erb within layouts/application (1.3ms)
Completed 200 OK in 69ms (Views: 60.6ms | ActiveRecord: 0.0ms)


Started GET "/assets/application.css?body=1" for 127.0.0.1 at 2014-07-25 23:25:56 -0700


Started GET "/assets/dashboard.css?body=1" for 127.0.0.1 at 2014-07-25 23:25:56 -0700


Started GET "/assets/jquery.js?body=1" for 127.0.0.1 at 2014-07-25 23:25:56 -0700


Started GET "/assets/jquery_ujs.js?body=1" for 127.0.0.1 at 2014-07-25 23:25:56 -0700


Started GET "/assets/turbolinks.js?body=1" for 127.0.0.1 at 2014-07-25 23:25:56 -0700


Started GET "/assets/dashboard.js?body=1" for 127.0.0.1 at 2014-07-25 23:25:56 -0700


Started GET "/assets/application.js?body=1" for 127.0.0.1 at 2014-07-25 23:25:56 -0700
  [1m[36mPlayer Load (2.1ms)[0m  [1mSELECT "players".* FROM "players"[0m


Started GET "/" for 127.0.0.1 at 2014-07-26 23:49:36 -0700
Processing by DashboardController#index as HTML
  Rendered dashboard/index.html.erb within layouts/application (0.4ms)
Completed 200 OK in 30ms (Views: 18.5ms | ActiveRecord: 0.0ms)


Started GET "/assets/application.css?body=1" for 127.0.0.1 at 2014-07-26 23:49:37 -0700


Started GET "/assets/jquery.js?body=1" for 127.0.0.1 at 2014-07-26 23:49:37 -0700


Started GET "/assets/dashboard.css?body=1" for 127.0.0.1 at 2014-07-26 23:49:37 -0700


Started GET "/assets/jquery_ujs.js?body=1" for 127.0.0.1 at 2014-07-26 23:49:37 -0700


Started GET "/assets/application.js?body=1" for 127.0.0.1 at 2014-07-26 23:49:37 -0700


Started GET "/assets/turbolinks.js?body=1" for 127.0.0.1 at 2014-07-26 23:49:37 -0700


Started GET "/assets/dashboard.js?body=1" for 127.0.0.1 at 2014-07-26 23:49:37 -0700


Started GET "/" for 127.0.0.1 at 2014-07-27 01:17:03 -0700
Processing by DashboardController#index as HTML
  Rendered dashboard/index.html.erb within layouts/application (1.3ms)
Completed 200 OK in 38ms (Views: 29.2ms | ActiveRecord: 0.0ms)


Started GET "/" for 127.0.0.1 at 2014-07-27 01:17:03 -0700
Processing by DashboardController#index as HTML
  Rendered dashboard/index.html.erb within layouts/application (0.1ms)
Completed 200 OK in 20ms (Views: 12.6ms | ActiveRecord: 0.0ms)


Started GET "/assets/application.css?body=1" for 127.0.0.1 at 2014-07-27 01:17:03 -0700


Started GET "/assets/dashboard.css?body=1" for 127.0.0.1 at 2014-07-27 01:17:03 -0700


Started GET "/assets/jquery.js?body=1" for 127.0.0.1 at 2014-07-27 01:17:03 -0700


Started GET "/assets/jquery_ujs.js?body=1" for 127.0.0.1 at 2014-07-27 01:17:03 -0700


Started GET "/assets/application.js?body=1" for 127.0.0.1 at 2014-07-27 01:17:03 -0700


Started GET "/assets/dashboard.js?body=1" for 127.0.0.1 at 2014-07-27 01:17:03 -0700


Started GET "/assets/jquery_ujs.js?body=1" for 127.0.0.1 at 2014-07-27 01:17:03 -0700


Started GET "/assets/dashboard.css?body=1" for 127.0.0.1 at 2014-07-27 01:17:03 -0700


Started GET "/assets/jquery.js?body=1" for 127.0.0.1 at 2014-07-27 01:17:03 -0700


Started GET "/assets/application.css?body=1" for 127.0.0.1 at 2014-07-27 01:17:03 -0700


Started GET "/assets/turbolinks.js?body=1" for 127.0.0.1 at 2014-07-27 01:17:03 -0700


Started GET "/assets/application.js?body=1" for 127.0.0.1 at 2014-07-27 01:17:03 -0700


Started GET "/assets/dashboard.js?body=1" for 127.0.0.1 at 2014-07-27 01:17:03 -0700


Started GET "/assets/turbolinks.js?body=1" for 127.0.0.1 at 2014-07-27 01:17:03 -0700


Started GET "/" for 127.0.0.1 at 2014-07-27 01:17:34 -0700
Processing by DashboardController#index as HTML
  Rendered dashboard/index.html.erb within layouts/application (0.1ms)
Completed 200 OK in 6ms (Views: 4.8ms | ActiveRecord: 0.0ms)


Started GET "/assets/application.css?body=1" for 127.0.0.1 at 2014-07-27 01:17:34 -0700


Started GET "/assets/dashboard.css?body=1" for 127.0.0.1 at 2014-07-27 01:17:34 -0700


Started GET "/assets/dashboard.js?body=1" for 127.0.0.1 at 2014-07-27 01:17:34 -0700


Started GET "/assets/application.js?body=1" for 127.0.0.1 at 2014-07-27 01:17:34 -0700


Started GET "/assets/jquery_ujs.js?body=1" for 127.0.0.1 at 2014-07-27 01:17:34 -0700


Started GET "/assets/turbolinks.js?body=1" for 127.0.0.1 at 2014-07-27 01:17:34 -0700


Started GET "/assets/jquery.js?body=1" for 127.0.0.1 at 2014-07-27 01:17:34 -0700


Started GET "/" for 127.0.0.1 at 2014-07-27 01:17:42 -0700
Processing by DashboardController#index as HTML
  Rendered dashboard/index.html.erb within layouts/application (0.1ms)
Completed 200 OK in 10ms (Views: 7.7ms | ActiveRecord: 0.0ms)


Started GET "/assets/application.css?body=1" for 127.0.0.1 at 2014-07-27 01:17:42 -0700


Started GET "/assets/dashboard.css?body=1" for 127.0.0.1 at 2014-07-27 01:17:42 -0700


Started GET "/assets/jquery.js?body=1" for 127.0.0.1 at 2014-07-27 01:17:42 -0700


Started GET "/assets/jquery_ujs.js?body=1" for 127.0.0.1 at 2014-07-27 01:17:42 -0700


Started GET "/assets/turbolinks.js?body=1" for 127.0.0.1 at 2014-07-27 01:17:42 -0700


Started GET "/assets/application.js?body=1" for 127.0.0.1 at 2014-07-27 01:17:42 -0700


Started GET "/assets/dashboard.js?body=1" for 127.0.0.1 at 2014-07-27 01:17:42 -0700
